\BOOKMARK [0][-]{chapter.1}{\376\377\000T\000o\000d\000o\000\040\000L\000i\000s\000t}{}
\BOOKMARK [0][-]{chapter.2}{\376\377\000C\000l\000a\000s\000s\000\040\000I\000n\000d\000e\000x}{}
\BOOKMARK [1][-]{section.2.1}{\376\377\000C\000l\000a\000s\000s\000\040\000L\000i\000s\000t}{chapter.2}
\BOOKMARK [0][-]{chapter.3}{\376\377\000F\000i\000l\000e\000\040\000I\000n\000d\000e\000x}{}
\BOOKMARK [1][-]{section.3.1}{\376\377\000F\000i\000l\000e\000\040\000L\000i\000s\000t}{chapter.3}
\BOOKMARK [0][-]{chapter.4}{\376\377\000C\000l\000a\000s\000s\000\040\000D\000o\000c\000u\000m\000e\000n\000t\000a\000t\000i\000o\000n}{}
\BOOKMARK [1][-]{section.4.1}{\376\377\000a\000r\000r\000a\000y\000\137\000s\000t\000r\000u\000c\000t\000\040\000S\000t\000r\000u\000c\000t\000\040\000R\000e\000f\000e\000r\000e\000n\000c\000e}{chapter.4}
\BOOKMARK [1][-]{section.4.2}{\376\377\000a\000t\000t\000r\000i\000b\000u\000t\000e\000\137\000s\000t\000r\000u\000c\000t\000\040\000S\000t\000r\000u\000c\000t\000\040\000R\000e\000f\000e\000r\000e\000n\000c\000e}{chapter.4}
\BOOKMARK [1][-]{section.4.3}{\376\377\000d\000x\000F\000i\000l\000e\000\137\000s\000t\000r\000u\000c\000t\000\040\000S\000t\000r\000u\000c\000t\000\040\000R\000e\000f\000e\000r\000e\000n\000c\000e}{chapter.4}
\BOOKMARK [1][-]{section.4.4}{\376\377\000f\000i\000e\000l\000d\000\137\000s\000t\000r\000u\000c\000t\000\040\000S\000t\000r\000u\000c\000t\000\040\000R\000e\000f\000e\000r\000e\000n\000c\000e}{chapter.4}
\BOOKMARK [1][-]{section.4.5}{\376\377\000g\000r\000i\000d\000c\000o\000n\000n\000e\000c\000t\000i\000o\000n\000s\000\137\000s\000t\000r\000u\000c\000t\000\040\000S\000t\000r\000u\000c\000t\000\040\000R\000e\000f\000e\000r\000e\000n\000c\000e}{chapter.4}
\BOOKMARK [1][-]{section.4.6}{\376\377\000g\000r\000i\000d\000p\000o\000s\000i\000t\000i\000o\000n\000s\000\137\000s\000t\000r\000u\000c\000t\000\040\000S\000t\000r\000u\000c\000t\000\040\000R\000e\000f\000e\000r\000e\000n\000c\000e}{chapter.4}
\BOOKMARK [1][-]{section.4.7}{\376\377\000g\000r\000o\000u\000p\000\137\000s\000t\000r\000u\000c\000t\000\040\000S\000t\000r\000u\000c\000t\000\040\000R\000e\000f\000e\000r\000e\000n\000c\000e}{chapter.4}
\BOOKMARK [1][-]{section.4.8}{\376\377\000o\000b\000j\000e\000c\000t\000\137\000s\000t\000r\000u\000c\000t\000\040\000S\000t\000r\000u\000c\000t\000\040\000R\000e\000f\000e\000r\000e\000n\000c\000e}{chapter.4}
\BOOKMARK [1][-]{section.4.9}{\376\377\000p\000o\000l\000y\000d\000a\000t\000a\000\137\000s\000t\000r\000u\000c\000t\000\040\000S\000t\000r\000u\000c\000t\000\040\000R\000e\000f\000e\000r\000e\000n\000c\000e}{chapter.4}
\BOOKMARK [1][-]{section.4.10}{\376\377\000r\000e\000c\000t\000i\000l\000i\000n\000e\000a\000r\000G\000r\000i\000d\000\137\000s\000t\000r\000u\000c\000t\000\040\000S\000t\000r\000u\000c\000t\000\040\000R\000e\000f\000e\000r\000e\000n\000c\000e}{chapter.4}
\BOOKMARK [1][-]{section.4.11}{\376\377\000s\000c\000a\000l\000a\000r\000\137\000s\000t\000r\000u\000c\000t\000\040\000S\000t\000r\000u\000c\000t\000\040\000R\000e\000f\000e\000r\000e\000n\000c\000e}{chapter.4}
\BOOKMARK [1][-]{section.4.12}{\376\377\000s\000e\000r\000i\000e\000s\000\137\000s\000t\000r\000u\000c\000t\000\040\000S\000t\000r\000u\000c\000t\000\040\000R\000e\000f\000e\000r\000e\000n\000c\000e}{chapter.4}
\BOOKMARK [1][-]{section.4.13}{\376\377\000s\000t\000r\000u\000c\000t\000u\000r\000e\000d\000G\000r\000i\000d\000\137\000s\000t\000r\000u\000c\000t\000\040\000S\000t\000r\000u\000c\000t\000\040\000R\000e\000f\000e\000r\000e\000n\000c\000e}{chapter.4}
\BOOKMARK [1][-]{section.4.14}{\376\377\000s\000t\000r\000u\000c\000t\000u\000r\000e\000d\000P\000o\000i\000n\000t\000s\000\137\000s\000t\000r\000u\000c\000t\000\040\000S\000t\000r\000u\000c\000t\000\040\000R\000e\000f\000e\000r\000e\000n\000c\000e}{chapter.4}
\BOOKMARK [1][-]{section.4.15}{\376\377\000u\000n\000s\000t\000r\000u\000c\000t\000u\000r\000e\000d\000G\000r\000i\000d\000\137\000s\000t\000r\000u\000c\000t\000\040\000S\000t\000r\000u\000c\000t\000\040\000R\000e\000f\000e\000r\000e\000n\000c\000e}{chapter.4}
\BOOKMARK [1][-]{section.4.16}{\376\377\000v\000e\000c\000t\000o\000r\000\137\000s\000t\000r\000u\000c\000t\000\040\000S\000t\000r\000u\000c\000t\000\040\000R\000e\000f\000e\000r\000e\000n\000c\000e}{chapter.4}
\BOOKMARK [1][-]{section.4.17}{\376\377\000v\000t\000k\000D\000a\000t\000a\000\137\000s\000t\000r\000u\000c\000t\000\040\000S\000t\000r\000u\000c\000t\000\040\000R\000e\000f\000e\000r\000e\000n\000c\000e}{chapter.4}
\BOOKMARK [2][-]{subsection.4.17.1}{\376\377\000M\000e\000m\000b\000e\000r\000\040\000D\000a\000t\000a\000\040\000D\000o\000c\000u\000m\000e\000n\000t\000a\000t\000i\000o\000n}{section.4.17}
\BOOKMARK [3][-]{subsubsection.4.17.1.1}{\376\377\000s\000c\000a\000l\000a\000r\000\137\000d\000a\000t\000a}{subsection.4.17.1}
\BOOKMARK [1][-]{section.4.18}{\376\377\000v\000t\000k\000D\000a\000t\000a\000F\000i\000l\000e\000\137\000s\000t\000r\000u\000c\000t\000\040\000S\000t\000r\000u\000c\000t\000\040\000R\000e\000f\000e\000r\000e\000n\000c\000e}{chapter.4}
\BOOKMARK [0][-]{chapter.5}{\376\377\000F\000i\000l\000e\000\040\000D\000o\000c\000u\000m\000e\000n\000t\000a\000t\000i\000o\000n}{}
\BOOKMARK [1][-]{section.5.1}{\376\377\000d\000x\000F\000i\000l\000e\000R\000e\000a\000d\000e\000r\000.\000h\000\040\000F\000i\000l\000e\000\040\000R\000e\000f\000e\000r\000e\000n\000c\000e}{chapter.5}
\BOOKMARK [2][-]{subsection.5.1.1}{\376\377\000D\000e\000t\000a\000i\000l\000e\000d\000\040\000D\000e\000s\000c\000r\000i\000p\000t\000i\000o\000n}{section.5.1}
\BOOKMARK [2][-]{subsection.5.1.2}{\376\377\000F\000u\000n\000c\000t\000i\000o\000n\000\040\000D\000o\000c\000u\000m\000e\000n\000t\000a\000t\000i\000o\000n}{section.5.1}
\BOOKMARK [3][-]{subsubsection.5.1.2.1}{\376\377\000D\000X\000\137\000L\000o\000a\000d\000A\000l\000l}{subsection.5.1.2}
\BOOKMARK [3][-]{subsubsection.5.1.2.2}{\376\377\000D\000X\000\137\000O\000p\000e\000n}{subsection.5.1.2}
\BOOKMARK [3][-]{subsubsection.5.1.2.3}{\376\377\000G\000e\000t\000A\000t\000t\000r\000i\000b\000u\000t\000e}{subsection.5.1.2}
\BOOKMARK [3][-]{subsubsection.5.1.2.4}{\376\377\000G\000e\000t\000O\000b\000j\000e\000c\000t}{subsection.5.1.2}
\BOOKMARK [3][-]{subsubsection.5.1.2.5}{\376\377\000L\000o\000a\000d\000A\000r\000r\000a\000y\000D\000a\000t\000a}{subsection.5.1.2}
\BOOKMARK [3][-]{subsubsection.5.1.2.6}{\376\377\000L\000o\000a\000d\000F\000i\000e\000l\000d\000D\000a\000t\000a}{subsection.5.1.2}
\BOOKMARK [3][-]{subsubsection.5.1.2.7}{\376\377\000L\000o\000a\000d\000G\000r\000i\000d\000C\000o\000n\000n\000e\000c\000t\000i\000o\000n\000s\000D\000a\000t\000a}{subsection.5.1.2}
\BOOKMARK [3][-]{subsubsection.5.1.2.8}{\376\377\000L\000o\000a\000d\000G\000r\000i\000d\000P\000o\000s\000i\000t\000i\000o\000n\000s\000D\000a\000t\000a}{subsection.5.1.2}
\BOOKMARK [3][-]{subsubsection.5.1.2.9}{\376\377\000L\000o\000a\000d\000G\000r\000o\000u\000p\000D\000a\000t\000a}{subsection.5.1.2}
\BOOKMARK [3][-]{subsubsection.5.1.2.10}{\376\377\000L\000o\000a\000d\000O\000b\000j\000e\000c\000t\000D\000a\000t\000a}{subsection.5.1.2}
\BOOKMARK [3][-]{subsubsection.5.1.2.11}{\376\377\000L\000o\000a\000d\000S\000e\000r\000i\000e\000s\000D\000a\000t\000a}{subsection.5.1.2}
\BOOKMARK [3][-]{subsubsection.5.1.2.12}{\376\377\000P\000a\000r\000s\000e\000A\000r\000r\000a\000y\000O\000b\000j\000e\000c\000t\000H\000e\000a\000d\000e\000r}{subsection.5.1.2}
\BOOKMARK [3][-]{subsubsection.5.1.2.13}{\376\377\000P\000a\000r\000s\000e\000F\000i\000e\000l\000d\000O\000b\000j\000e\000c\000t\000H\000e\000a\000d\000e\000r}{subsection.5.1.2}
\BOOKMARK [3][-]{subsubsection.5.1.2.14}{\376\377\000P\000a\000r\000s\000e\000G\000r\000i\000d\000C\000o\000n\000n\000e\000c\000t\000i\000o\000n\000s\000O\000b\000j\000e\000c\000t\000H\000e\000a\000d\000e\000r}{subsection.5.1.2}
\BOOKMARK [3][-]{subsubsection.5.1.2.15}{\376\377\000P\000a\000r\000s\000e\000G\000r\000i\000d\000P\000o\000s\000i\000t\000i\000o\000n\000s\000O\000b\000j\000e\000c\000t\000H\000e\000a\000d\000e\000r}{subsection.5.1.2}
\BOOKMARK [3][-]{subsubsection.5.1.2.16}{\376\377\000P\000a\000r\000s\000e\000G\000r\000o\000u\000p\000O\000b\000j\000e\000c\000t\000H\000e\000a\000d\000e\000r}{subsection.5.1.2}
\BOOKMARK [3][-]{subsubsection.5.1.2.17}{\376\377\000P\000a\000r\000s\000e\000O\000b\000j\000e\000c\000t\000H\000e\000a\000d\000e\000r}{subsection.5.1.2}
\BOOKMARK [3][-]{subsubsection.5.1.2.18}{\376\377\000P\000a\000r\000s\000e\000S\000e\000r\000i\000e\000s\000O\000b\000j\000e\000c\000t\000H\000e\000a\000d\000e\000r}{subsection.5.1.2}
\BOOKMARK [3][-]{subsubsection.5.1.2.19}{\376\377\000P\000r\000i\000n\000t\000O\000b\000j\000e\000c\000t\000H\000e\000a\000d\000e\000r}{subsection.5.1.2}
\BOOKMARK [1][-]{section.5.2}{\376\377\000v\000t\000k\000F\000i\000l\000e\000W\000r\000i\000t\000e\000r\000.\000h\000\040\000F\000i\000l\000e\000\040\000R\000e\000f\000e\000r\000e\000n\000c\000e}{chapter.5}
\BOOKMARK [2][-]{subsection.5.2.1}{\376\377\000D\000e\000t\000a\000i\000l\000e\000d\000\040\000D\000e\000s\000c\000r\000i\000p\000t\000i\000o\000n}{section.5.2}
\BOOKMARK [2][-]{subsection.5.2.2}{\376\377\000D\000e\000f\000i\000n\000e\000\040\000D\000o\000c\000u\000m\000e\000n\000t\000a\000t\000i\000o\000n}{section.5.2}
\BOOKMARK [3][-]{subsubsection.5.2.2.1}{\376\377\000B\000E\0002\000H\0003\0002}{subsection.5.2.2}
\BOOKMARK [3][-]{subsubsection.5.2.2.2}{\376\377\000H\0002\000B\000E\0003\0002}{subsection.5.2.2}
\BOOKMARK [2][-]{subsection.5.2.3}{\376\377\000F\000u\000n\000c\000t\000i\000o\000n\000\040\000D\000o\000c\000u\000m\000e\000n\000t\000a\000t\000i\000o\000n}{section.5.2}
\BOOKMARK [3][-]{subsubsection.5.2.3.1}{\376\377\000V\000T\000K\000\137\000O\000p\000e\000n}{subsection.5.2.3}
\BOOKMARK [3][-]{subsubsection.5.2.3.2}{\376\377\000V\000T\000K\000\137\000W\000r\000i\000t\000e}{subsection.5.2.3}
\BOOKMARK [3][-]{subsubsection.5.2.3.3}{\376\377\000V\000T\000K\000\137\000W\000r\000i\000t\000e\000D\000a\000t\000a}{subsection.5.2.3}
\BOOKMARK [3][-]{subsubsection.5.2.3.4}{\376\377\000V\000T\000K\000\137\000W\000r\000i\000t\000e\000P\000o\000l\000y\000d\000a\000t\000a}{subsection.5.2.3}
\BOOKMARK [3][-]{subsubsection.5.2.3.5}{\376\377\000V\000T\000K\000\137\000W\000r\000i\000t\000e\000S\000t\000r\000u\000c\000t\000u\000r\000e\000d\000P\000o\000i\000n\000t\000s}{subsection.5.2.3}
\BOOKMARK [3][-]{subsubsection.5.2.3.6}{\376\377\000V\000T\000K\000\137\000W\000r\000i\000t\000e\000U\000n\000s\000t\000r\000u\000c\000t\000u\000r\000e\000d\000G\000r\000i\000d}{subsection.5.2.3}
